2026-02-24 13:51:42,631 - INFO - Drowsiness Detector started
2026-02-24 13:51:47,770 - WARNING - ALARM triggered - Eyes closed or head turned away
2026-02-24 13:51:49,065 - WARNING - ALARM triggered - Eyes closed or head turned away
2026-02-24 13:51:50,304 - WARNING - ALARM triggered - Eyes closed or head turned away
2026-02-24 13:51:52,463 - WARNING - ALARM triggered - Eyes closed or head turned away
2026-02-24 13:51:55,083 - WARNING - ALARM triggered - Eyes closed or head turned away
2026-02-24 13:51:57,501 - WARNING - ALARM triggered - Eyes closed or head turned away
2026-02-24 13:51:59,260 - WARNING - ALARM triggered - Eyes closed or head turned away
2026-02-24 13:52:00,432 - WARNING - ALARM triggered - Eyes closed or head turned away
2026-02-24 13:52:01,896 - WARNING - ALARM triggered - Eyes closed or head turned away
2026-02-24 13:52:04,150 - WARNING - ALARM triggered - Eyes closed or head turned away
2026-02-24 13:52:18,459 - WARNING - ALARM triggered - Eyes closed or head turned away
2026-02-24 13:52:20,329 - WARNING - ALARM triggered - Eyes closed or head turned away
2026-02-24 13:52:24,096 - WARNING - ALARM triggered - Eyes closed or head turned away
2026-02-24 13:52:26,039 - WARNING - ALARM triggered - Eyes closed or head turned away
2026-02-24 13:52:28,413 - WARNING - ALARM triggered - Eyes closed or head turned away
2026-02-24 13:52:32,038 - WARNING - ALARM triggered - Eyes closed or head turned away
2026-02-24 13:52:35,694 - WARNING - ALARM triggered - Eyes closed or head turned away
2026-02-24 13:53:02,053 - INFO - Drowsiness Detector stopped
2026-02-24 13:59:15,655 - INFO - Drowsiness Detector started
2026-02-24 13:59:17,827 - WARNING - ALARM triggered - Eyes closed or head turned away
2026-02-24 13:59:34,501 - ERROR - Failed to grab frame
2026-02-24 13:59:35,366 - INFO - Drowsiness Detector stopped
2026-02-24 13:59:48,104 - INFO - Drowsiness Detector started
2026-02-24 13:59:54,256 - WARNING - ALARM triggered - Eyes closed or head turned away
2026-02-24 13:59:55,527 - WARNING - ALARM triggered - Eyes closed or head turned away
2026-02-24 13:59:57,091 - WARNING - ALARM triggered - Eyes closed or head turned away
2026-02-24 13:59:59,526 - WARNING - ALARM triggered - Eyes closed or head turned away
2026-02-24 14:00:05,179 - WARNING - ALARM triggered - Eyes closed or head turned away
2026-02-24 14:00:08,109 - WARNING - ALARM triggered - Eyes closed or head turned away
2026-02-24 14:00:10,985 - WARNING - ALARM triggered - Eyes closed or head turned away
2026-02-24 14:00:13,210 - WARNING - ALARM triggered - Eyes closed or head turned away
2026-02-24 14:00:16,052 - WARNING - ALARM triggered - Eyes closed or head turned away
2026-02-24 14:00:18,516 - INFO - Drowsiness Detector stopped
2026-02-24 14:09:17,184 - INFO - Drowsiness Detector started
2026-02-24 14:09:18,893 - WARNING - ALARM triggered - Eyes closed or head turned away
2026-02-24 14:09:32,946 - INFO - Drowsiness Detector stopped
2026-02-24 14:15:28,825 - INFO - Drowsiness Detector started
2026-02-24 14:15:30,779 - WARNING - ALARM triggered - Eyes closed or head turned away
2026-02-24 14:15:34,856 - WARNING - ALARM triggered - Eyes closed or head turned away
2026-02-24 14:15:47,135 - WARNING - ALARM triggered - Eyes closed or head turned away
2026-02-24 14:15:49,045 - WARNING - ALARM triggered - Eyes closed or head turned away
2026-02-24 14:15:51,621 - WARNING - ALARM triggered - Eyes closed or head turned away
2026-02-24 14:15:54,622 - WARNING - ALARM triggered - Eyes closed or head turned away
2026-02-24 14:15:57,771 - WARNING - ALARM triggered - Eyes closed or head turned away
2026-02-24 14:16:06,666 - WARNING - ALARM triggered - Eyes closed or head turned away
2026-02-24 14:16:10,446 - WARNING - ALARM triggered - Eyes closed or head turned away
2026-02-24 14:16:14,120 - WARNING - ALARM triggered - Eyes closed or head turned away
2026-02-24 14:16:20,939 - WARNING - ALARM triggered - Eyes closed or head turned away
2026-02-24 14:16:29,071 - WARNING - ALARM triggered - Eyes closed or head turned away
2026-02-24 14:16:33,634 - WARNING - ALARM triggered - Eyes closed or head turned away
2026-02-24 14:16:35,809 - INFO - Drowsiness Detector stopped
2026-02-24 14:20:38,895 - INFO - Drowsiness Detector started
2026-02-24 14:20:39,996 - WARNING - ALARM triggered - Eyes closed or head turned away
2026-02-24 14:20:42,666 - WARNING - ALARM triggered - Eyes closed or head turned away
2026-02-24 14:20:45,211 - WARNING - ALARM triggered - Eyes closed or head turned away
2026-02-24 14:20:49,186 - WARNING - ALARM triggered - Eyes closed or head turned away
2026-02-24 14:20:51,765 - WARNING - ALARM triggered - Eyes closed or head turned away
2026-02-24 14:20:55,228 - WARNING - ALARM triggered - Eyes closed or head turned away
2026-02-24 14:20:59,227 - WARNING - ALARM triggered - Eyes closed or head turned away
2026-02-24 14:21:00,301 - WARNING - ALARM triggered - Eyes closed or head turned away
2026-02-24 14:21:07,916 - WARNING - ALARM triggered - Eyes closed or head turned away
2026-02-24 14:21:14,597 - WARNING - ALARM triggered - Eyes closed or head turned away
2026-02-24 14:21:16,965 - WARNING - ALARM triggered - Eyes closed or head turned away
2026-02-24 14:21:19,532 - WARNING - ALARM triggered - Eyes closed or head turned away
2026-02-24 14:21:25,047 - WARNING - ALARM triggered - Eyes closed or head turned away
2026-02-24 14:21:25,663 - WARNING - ALARM triggered - Eyes closed or head turned away
2026-02-24 14:21:27,360 - INFO - Drowsiness Detector stopped
2026-02-24 14:28:50,223 - INFO - Drowsiness Detector started
2026-02-24 14:28:51,336 - WARNING - ALARM triggered - Eyes closed or head turned away
2026-02-24 14:28:55,212 - WARNING - ALARM triggered - Eyes closed or head turned away
2026-02-24 14:29:00,514 - WARNING - ALARM triggered - Eyes closed or head turned away
2026-02-24 14:29:04,342 - INFO - Drowsiness Detector stopped
2026-02-24 14:32:48,041 - INFO - Drowsiness Detector started
2026-02-24 14:33:46,684 - WARNING - ALARM triggered - Eyes closed or head turned away
2026-02-24 14:33:51,499 - WARNING - ALARM triggered - Eyes closed or head turned away
2026-02-24 14:33:52,303 - WARNING - ALARM triggered - Eyes closed or head turned away
2026-02-24 14:34:00,947 - INFO - Drowsiness Detector stopped
2026-02-24 14:36:22,001 - INFO - Drowsiness Detector started
2026-02-24 14:36:28,438 - WARNING - ALARM triggered - Eyes closed or head turned away
2026-02-24 14:36:34,976 - WARNING - ALARM triggered - Eyes closed or head turned away
2026-02-24 14:36:45,802 - WARNING - ALARM triggered - Eyes closed or head turned away
2026-02-24 14:36:48,063 - WARNING - ALARM triggered - Eyes closed or head turned away
2026-02-24 14:36:53,924 - WARNING - ALARM triggered - Eyes closed or head turned away
2026-02-24 14:37:00,067 - WARNING - ALARM triggered - Eyes closed or head turned away
2026-02-24 14:37:07,456 - WARNING - ALARM triggered - Eyes closed or head turned away
2026-02-24 14:37:08,642 - INFO - Drowsiness Detector stopped
2026-02-24 14:38:31,851 - INFO - Drowsiness Detector started
2026-02-24 14:38:55,656 - WARNING - ALARM triggered - Eyes closed or head turned away
2026-02-24 14:38:56,853 - WARNING - ALARM triggered - Eyes closed or head turned away
2026-02-24 14:38:57,969 - WARNING - ALARM triggered - Eyes closed or head turned away
2026-02-24 14:39:09,122 - WARNING - ALARM triggered - Eyes closed or head turned away
2026-02-24 14:39:11,542 - WARNING - ALARM triggered - Eyes closed or head turned away
2026-02-24 14:39:21,559 - WARNING - ALARM triggered - Eyes closed or head turned away
2026-02-24 14:39:23,961 - WARNING - ALARM triggered - Eyes closed or head turned away
2026-02-24 14:39:34,310 - INFO - Drowsiness Detector stopped
2026-02-24 14:42:19,234 - INFO - Drowsiness Detector started
2026-02-24 14:42:30,948 - WARNING - ALARM triggered - Eyes closed or head turned away
2026-02-24 14:42:35,842 - WARNING - ALARM triggered - Eyes closed or head turned away
2026-02-24 14:42:40,367 - WARNING - ALARM triggered - Eyes closed or head turned away
2026-02-24 14:42:43,430 - WARNING - ALARM triggered - Eyes closed or head turned away
2026-02-24 14:42:49,970 - WARNING - ALARM triggered - Eyes closed or head turned away
2026-02-24 14:42:59,744 - WARNING - ALARM triggered - Eyes closed or head turned away
2026-02-24 14:43:06,129 - WARNING - ALARM triggered - Eyes closed or head turned away
2026-02-24 14:43:09,093 - WARNING - ALARM triggered - Eyes closed or head turned away
2026-02-24 14:43:12,826 - WARNING - ALARM triggered - Eyes closed or head turned away
2026-02-24 14:43:13,609 - INFO - Drowsiness Detector stopped
2026-02-24 14:45:48,286 - INFO - Drowsiness Detector started
2026-02-24 14:45:49,905 - WARNING - ALARM triggered - No face or inattention detected
2026-02-24 14:45:56,717 - WARNING - ALARM triggered - No face or inattention detected
2026-02-24 14:46:01,123 - WARNING - ALARM triggered - No face or inattention detected
2026-02-24 14:46:13,828 - WARNING - ALARM triggered - No face or inattention detected
2026-02-24 14:46:15,561 - WARNING - ALARM triggered - No face or inattention detected
2026-02-24 14:46:20,391 - WARNING - ALARM triggered - No face or inattention detected
2026-02-24 14:46:33,725 - WARNING - ALARM triggered - No face or inattention detected
2026-02-24 14:46:51,733 - WARNING - ALARM triggered - No face or inattention detected
2026-02-24 14:46:55,060 - WARNING - ALARM triggered - No face or inattention detected
2026-02-24 14:46:59,350 - WARNING - ALARM triggered - No face or inattention detected
2026-02-24 14:47:01,494 - WARNING - ALARM triggered - No face or inattention detected
2026-02-24 14:47:03,480 - WARNING - ALARM triggered - No face or inattention detected
2026-02-24 14:47:08,678 - WARNING - ALARM triggered - No face or inattention detected
2026-02-24 14:47:10,416 - WARNING - ALARM triggered - No face or inattention detected
2026-02-24 14:47:17,623 - WARNING - ALARM triggered - No face or inattention detected
2026-02-24 14:47:30,423 - WARNING - ALARM triggered - No face or inattention detected
2026-02-24 14:47:34,061 - WARNING - ALARM triggered - No face or inattention detected
2026-02-24 14:47:35,659 - WARNING - ALARM triggered - No face or inattention detected
2026-02-24 14:47:41,137 - WARNING - ALARM triggered - No face or inattention detected
2026-02-24 14:47:45,939 - WARNING - ALARM triggered - No face or inattention detected
2026-02-24 14:47:50,615 - WARNING - ALARM triggered - No face or inattention detected
2026-02-24 14:47:53,687 - WARNING - ALARM triggered - No face or inattention detected
2026-02-24 14:48:08,624 - WARNING - ALARM triggered - No face or inattention detected
2026-02-24 14:48:09,324 - WARNING - ALARM triggered - No face or inattention detected
2026-02-24 14:48:14,376 - WARNING - ALARM triggered - No face or inattention detected
2026-02-24 14:48:15,844 - WARNING - ALARM triggered - No face or inattention detected
2026-02-24 14:48:17,303 - WARNING - ALARM triggered - No face or inattention detected
2026-02-24 14:48:25,460 - WARNING - ALARM triggered - No face or inattention detected
2026-02-24 14:48:28,679 - INFO - Drowsiness Detector stopped
